
PROCESO[85-55] EXCEPTION LINEA 66 [2023-11-17 21:38:00]

CODE: 42S22
MESSAGE: SQLSTATE[42S22]: Column not found: 1054 Unknown column 'name_es' in 'field list' (Connection: mysql, SQL: select `id`, `name_es`, `name_en` from `user_genders` where `user_genders`.`id` in (1))
FILE: /var/www/stories-api/vendor/laravel/framework/src/Illuminate/Database/Connection.php
LINE: 801
getTraceAsString: #0 /var/www/stories-api/vendor/laravel/framework/src/Illuminate/Database/Connection.php(755): Illuminate\Database\Connection->runQueryCallback('select `id`, `n...', Array, Object(Closure))
#1 /var/www/stories-api/vendor/laravel/framework/src/Illuminate/Database/Connection.php(407): Illuminate\Database\Connection->run('select `id`, `n...', Array, Object(Closure))
#2 /var/www/stories-api/vendor/laravel/framework/src/Illuminate/Database/Query/Builder.php(2751): Illuminate\Database\Connection->select('select `id`, `n...', Array, true)
#3 /var/www/stories-api/vendor/laravel/framework/src/Illuminate/Database/Query/Builder.php(2740): Illuminate\Database\Query\Builder->runSelect()
#4 /var/www/stories-api/vendor/laravel/framework/src/Illuminate/Database/Query/Builder.php(3294): Illuminate\Database\Query\Builder->Illuminate\Database\Query\{closure}()
#5 /var/www/stories-api/vendor/laravel/framework/src/Illuminate/Database/Query/Builder.php(2739): Illuminate\Database\Query\Builder->onceWithColumns(Array, Object(Closure))
#6 /var/www/stories-api/vendor/laravel/framework/src/Illuminate/Database/Eloquent/Builder.php(737): Illuminate\Database\Query\Builder->get(Array)
#7 /var/www/stories-api/vendor/laravel/framework/src/Illuminate/Database/Eloquent/Builder.php(721): Illuminate\Database\Eloquent\Builder->getModels(Array)
#8 /var/www/stories-api/vendor/laravel/framework/src/Illuminate/Database/Eloquent/Relations/Relation.php(203): Illuminate\Database\Eloquent\Builder->get(Array)
#9 /var/www/stories-api/vendor/laravel/framework/src/Illuminate/Database/Eloquent/Relations/Relation.php(166): Illuminate\Database\Eloquent\Relations\Relation->get()
#10 /var/www/stories-api/vendor/laravel/framework/src/Illuminate/Database/Eloquent/Builder.php(785): Illuminate\Database\Eloquent\Relations\Relation->getEager()
#11 /var/www/stories-api/vendor/laravel/framework/src/Illuminate/Database/Eloquent/Builder.php(754): Illuminate\Database\Eloquent\Builder->eagerLoadRelation(Array, 'gender', Object(Closure))
#12 /var/www/stories-api/vendor/laravel/framework/src/Illuminate/Database/Eloquent/Builder.php(722): Illuminate\Database\Eloquent\Builder->eagerLoadRelations(Array)
#13 /var/www/stories-api/vendor/laravel/framework/src/Illuminate/Database/Eloquent/Relations/Relation.php(203): Illuminate\Database\Eloquent\Builder->get(Array)
#14 /var/www/stories-api/vendor/laravel/framework/src/Illuminate/Database/Eloquent/Relations/Relation.php(166): Illuminate\Database\Eloquent\Relations\Relation->get()
#15 /var/www/stories-api/vendor/laravel/framework/src/Illuminate/Database/Eloquent/Builder.php(785): Illuminate\Database\Eloquent\Relations\Relation->getEager()
#16 /var/www/stories-api/vendor/laravel/framework/src/Illuminate/Database/Eloquent/Builder.php(754): Illuminate\Database\Eloquent\Builder->eagerLoadRelation(Array, 'profile', Object(Closure))
#17 /var/www/stories-api/vendor/laravel/framework/src/Illuminate/Database/Eloquent/Builder.php(722): Illuminate\Database\Eloquent\Builder->eagerLoadRelations(Array)
#18 /var/www/stories-api/vendor/laravel/framework/src/Illuminate/Database/Concerns/BuildsQueries.php(333): Illuminate\Database\Eloquent\Builder->get(Array)
#19 /var/www/stories-api/vendor/laravel/framework/src/Illuminate/Database/Eloquent/Builder.php(447): Illuminate\Database\Eloquent\Builder->first(Array)
#20 /var/www/stories-api/app/Http/Controllers/Api/AuthenticationController.php(58): Illuminate\Database\Eloquent\Builder->find(1)
#21 /var/www/stories-api/vendor/laravel/framework/src/Illuminate/Routing/Controller.php(54): App\Http\Controllers\Api\AuthenticationController->login(Object(Illuminate\Http\Request), Object(App\Data\LoginRequestData))
#22 /var/www/stories-api/vendor/laravel/framework/src/Illuminate/Routing/ControllerDispatcher.php(43): Illuminate\Routing\Controller->callAction('login', Array)
#23 /var/www/stories-api/vendor/laravel/framework/src/Illuminate/Routing/Route.php(259): Illuminate\Routing\ControllerDispatcher->dispatch(Object(Illuminate\Routing\Route), Object(App\Http\Controllers\Api\AuthenticationController), 'login')
#24 /var/www/stories-api/vendor/laravel/framework/src/Illuminate/Routing/Route.php(205): Illuminate\Routing\Route->runController()
#25 /var/www/stories-api/vendor/laravel/framework/src/Illuminate/Routing/Router.php(799): Illuminate\Routing\Route->run()
#26 /var/www/stories-api/vendor/laravel/framework/src/Illuminate/Pipeline/Pipeline.php(141): Illuminate\Routing\Router->Illuminate\Routing\{closure}(Object(Illuminate\Http\Request))
#27 /var/www/stories-api/vendor/laravel/framework/src/Illuminate/Routing/Middleware/SubstituteBindings.php(50): Illuminate\Pipeline\Pipeline->Illuminate\Pipeline\{closure}(Object(Illuminate\Http\Request))
#28 /var/www/stories-api/vendor/laravel/framework/src/Illuminate/Pipeline/Pipeline.php(180): Illuminate\Routing\Middleware\SubstituteBindings->handle(Object(Illuminate\Http\Request), Object(Closure))
#29 /var/www/stories-api/vendor/laravel/framework/src/Illuminate/Routing/Middleware/ThrottleRequests.php(159): Illuminate\Pipeline\Pipeline->Illuminate\Pipeline\{closure}(Object(Illuminate\Http\Request))
#30 /var/www/stories-api/vendor/laravel/framework/src/Illuminate/Routing/Middleware/ThrottleRequests.php(125): Illuminate\Routing\Middleware\ThrottleRequests->handleRequest(Object(Illuminate\Http\Request), Object(Closure), Array)
#31 /var/www/stories-api/vendor/laravel/framework/src/Illuminate/Routing/Middleware/ThrottleRequests.php(87): Illuminate\Routing\Middleware\ThrottleRequests->handleRequestUsingNamedLimiter(Object(Illuminate\Http\Request), Object(Closure), 'api', Object(Closure))
#32 /var/www/stories-api/vendor/laravel/framework/src/Illuminate/Pipeline/Pipeline.php(180): Illuminate\Routing\Middleware\ThrottleRequests->handle(Object(Illuminate\Http\Request), Object(Closure), 'api')
#33 /var/www/stories-api/vendor/laravel/framework/src/Illuminate/Pipeline/Pipeline.php(116): Illuminate\Pipeline\Pipeline->Illuminate\Pipeline\{closure}(Object(Illuminate\Http\Request))
#34 /var/www/stories-api/vendor/laravel/framework/src/Illuminate/Routing/Router.php(798): Illuminate\Pipeline\Pipeline->then(Object(Closure))
#35 /var/www/stories-api/vendor/laravel/framework/src/Illuminate/Routing/Router.php(777): Illuminate\Routing\Router->runRouteWithinStack(Object(Illuminate\Routing\Route), Object(Illuminate\Http\Request))
#36 /var/www/stories-api/vendor/laravel/framework/src/Illuminate/Routing/Router.php(741): Illuminate\Routing\Router->runRoute(Object(Illuminate\Http\Request), Object(Illuminate\Routing\Route))
#37 /var/www/stories-api/vendor/laravel/framework/src/Illuminate/Routing/Router.php(730): Illuminate\Routing\Router->dispatchToRoute(Object(Illuminate\Http\Request))
#38 /var/www/stories-api/vendor/laravel/framework/src/Illuminate/Foundation/Http/Kernel.php(200): Illuminate\Routing\Router->dispatch(Object(Illuminate\Http\Request))
#39 /var/www/stories-api/vendor/laravel/framework/src/Illuminate/Pipeline/Pipeline.php(141): Illuminate\Foundation\Http\Kernel->Illuminate\Foundation\Http\{closure}(Object(Illuminate\Http\Request))
#40 /var/www/stories-api/vendor/laravel/framework/src/Illuminate/Foundation/Http/Middleware/TransformsRequest.php(21): Illuminate\Pipeline\Pipeline->Illuminate\Pipeline\{closure}(Object(Illuminate\Http\Request))
#41 /var/www/stories-api/vendor/laravel/framework/src/Illuminate/Foundation/Http/Middleware/ConvertEmptyStringsToNull.php(31): Illuminate\Foundation\Http\Middleware\TransformsRequest->handle(Object(Illuminate\Http\Request), Object(Closure))
#42 /var/www/stories-api/vendor/laravel/framework/src/Illuminate/Pipeline/Pipeline.php(180): Illuminate\Foundation\Http\Middleware\ConvertEmptyStringsToNull->handle(Object(Illuminate\Http\Request), Object(Closure))
#43 /var/www/stories-api/vendor/laravel/framework/src/Illuminate/Foundation/Http/Middleware/TransformsRequest.php(21): Illuminate\Pipeline\Pipeline->Illuminate\Pipeline\{closure}(Object(Illuminate\Http\Request))
#44 /var/www/stories-api/vendor/laravel/framework/src/Illuminate/Foundation/Http/Middleware/TrimStrings.php(40): Illuminate\Foundation\Http\Middleware\TransformsRequest->handle(Object(Illuminate\Http\Request), Object(Closure))
#45 /var/www/stories-api/vendor/laravel/framework/src/Illuminate/Pipeline/Pipeline.php(180): Illuminate\Foundation\Http\Middleware\TrimStrings->handle(Object(Illuminate\Http\Request), Object(Closure))
#46 /var/www/stories-api/vendor/laravel/framework/src/Illuminate/Foundation/Http/Middleware/ValidatePostSize.php(27): Illuminate\Pipeline\Pipeline->Illuminate\Pipeline\{closure}(Object(Illuminate\Http\Request))
#47 /var/www/stories-api/vendor/laravel/framework/src/Illuminate/Pipeline/Pipeline.php(180): Illuminate\Foundation\Http\Middleware\ValidatePostSize->handle(Object(Illuminate\Http\Request), Object(Closure))
#48 /var/www/stories-api/vendor/laravel/framework/src/Illuminate/Foundation/Http/Middleware/PreventRequestsDuringMaintenance.php(99): Illuminate\Pipeline\Pipeline->Illuminate\Pipeline\{closure}(Object(Illuminate\Http\Request))
#49 /var/www/stories-api/vendor/laravel/framework/src/Illuminate/Pipeline/Pipeline.php(180): Illuminate\Foundation\Http\Middleware\PreventRequestsDuringMaintenance->handle(Object(Illuminate\Http\Request), Object(Closure))
#50 /var/www/stories-api/vendor/laravel/framework/src/Illuminate/Http/Middleware/HandleCors.php(62): Illuminate\Pipeline\Pipeline->Illuminate\Pipeline\{closure}(Object(Illuminate\Http\Request))
#51 /var/www/stories-api/vendor/laravel/framework/src/Illuminate/Pipeline/Pipeline.php(180): Illuminate\Http\Middleware\HandleCors->handle(Object(Illuminate\Http\Request), Object(Closure))
#52 /var/www/stories-api/vendor/laravel/framework/src/Illuminate/Http/Middleware/TrustProxies.php(39): Illuminate\Pipeline\Pipeline->Illuminate\Pipeline\{closure}(Object(Illuminate\Http\Request))
#53 /var/www/stories-api/vendor/laravel/framework/src/Illuminate/Pipeline/Pipeline.php(180): Illuminate\Http\Middleware\TrustProxies->handle(Object(Illuminate\Http\Request), Object(Closure))
#54 /var/www/stories-api/vendor/laravel/framework/src/Illuminate/Pipeline/Pipeline.php(116): Illuminate\Pipeline\Pipeline->Illuminate\Pipeline\{closure}(Object(Illuminate\Http\Request))
#55 /var/www/stories-api/vendor/laravel/framework/src/Illuminate/Foundation/Http/Kernel.php(175): Illuminate\Pipeline\Pipeline->then(Object(Closure))
#56 /var/www/stories-api/vendor/laravel/framework/src/Illuminate/Foundation/Http/Kernel.php(144): Illuminate\Foundation\Http\Kernel->sendRequestThroughRouter(Object(Illuminate\Http\Request))
#57 /var/www/stories-api/public/index.php(51): Illuminate\Foundation\Http\Kernel->handle(Object(Illuminate\Http\Request))
#58 {main}

