PROCESO[30-13] EXCEPTION LINEA 48 [2023-11-29 16:52:09]

CODE: 0
MESSAGE: Could not create `App\Data\UserData`: the constructor requires 6 parameters, 5 given. Parameters given: id, email, created_at, updated_at, state. Parameters missing: profile.
FILE: /var/www/stories-api/vendor/spatie/laravel-data/src/Exceptions/CannotCreateData.php
LINE: 44
getTraceAsString: #0 /var/www/stories-api/vendor/spatie/laravel-data/src/Resolvers/DataFromArrayResolver.php(81): Spatie\LaravelData\Exceptions\CannotCreateData::constructorMissingParameters(Object(Spatie\LaravelData\Support\DataClass), Object(Illuminate\Support\Collection), Object(ArgumentCountError))
#1 /var/www/stories-api/vendor/spatie/laravel-data/src/Resolvers/DataFromArrayResolver.php(40): Spatie\LaravelData\Resolvers\DataFromArrayResolver->createData(Object(Spatie\LaravelData\Support\DataClass), Object(Illuminate\Support\Collection))
#2 /var/www/stories-api/vendor/laravel/framework/src/Illuminate/Collections/Traits/EnumeratesValues.php(738): Spatie\LaravelData\Resolvers\DataFromArrayResolver->Spatie\LaravelData\Resolvers\{closure}(Object(Illuminate\Support\Collection))
#3 /var/www/stories-api/vendor/spatie/laravel-data/src/Resolvers/DataFromArrayResolver.php(40): Illuminate\Support\Collection->pipe(Object(Closure))
#4 /var/www/stories-api/vendor/spatie/laravel-data/src/Resolvers/DataFromSomethingResolver.php(51): Spatie\LaravelData\Resolvers\DataFromArrayResolver->execute('App\\Data\\UserDa...', Object(Illuminate\Support\Collection))
#5 /var/www/stories-api/vendor/spatie/laravel-data/src/Concerns/BaseData.php(52): Spatie\LaravelData\Resolvers\DataFromSomethingResolver->execute('App\\Data\\UserDa...', Object(App\Models\User))
#6 /var/www/stories-api/app/Data/UserLoginResponseData.php(26): Spatie\LaravelData\Data::from(Object(App\Models\User))
#7 /var/www/stories-api/vendor/spatie/laravel-data/src/Resolvers/DataFromSomethingResolver.php(91): App\Data\UserLoginResponseData::fromModel('eyJ0eXAiOiJKV1Q...', 'Bearer', 3600, Object(App\Models\User))
#8 /var/www/stories-api/vendor/spatie/laravel-data/src/Resolvers/DataFromSomethingResolver.php(37): Spatie\LaravelData\Resolvers\DataFromSomethingResolver->createFromCustomCreationMethod('App\\Data\\UserLo...', Array)
#9 /var/www/stories-api/vendor/spatie/laravel-data/src/Concerns/BaseData.php(52): Spatie\LaravelData\Resolvers\DataFromSomethingResolver->execute('App\\Data\\UserLo...', 'eyJ0eXAiOiJKV1Q...', 'Bearer', 3600, Object(App\Models\User))
#10 /var/www/stories-api/app/Http/Controllers/Api/AuthenticationController.php(40): Spatie\LaravelData\Data::from('eyJ0eXAiOiJKV1Q...', 'Bearer', 3600, Object(App\Models\User))
#11 /var/www/stories-api/vendor/laravel/framework/src/Illuminate/Routing/Controller.php(54): App\Http\Controllers\Api\AuthenticationController->login(Object(App\Http\Requests\LoginRequest))
#12 /var/www/stories-api/vendor/laravel/framework/src/Illuminate/Routing/ControllerDispatcher.php(43): Illuminate\Routing\Controller->callAction('login', Array)
#13 /var/www/stories-api/vendor/laravel/framework/src/Illuminate/Routing/Route.php(259): Illuminate\Routing\ControllerDispatcher->dispatch(Object(Illuminate\Routing\Route), Object(App\Http\Controllers\Api\AuthenticationController), 'login')
#14 /var/www/stories-api/vendor/laravel/framework/src/Illuminate/Routing/Route.php(205): Illuminate\Routing\Route->runController()
#15 /var/www/stories-api/vendor/laravel/framework/src/Illuminate/Routing/Router.php(799): Illuminate\Routing\Route->run()
#16 /var/www/stories-api/vendor/laravel/framework/src/Illuminate/Pipeline/Pipeline.php(141): Illuminate\Routing\Router->Illuminate\Routing\{closure}(Object(Illuminate\Http\Request))
#17 /var/www/stories-api/vendor/laravel/framework/src/Illuminate/Routing/Middleware/SubstituteBindings.php(50): Illuminate\Pipeline\Pipeline->Illuminate\Pipeline\{closure}(Object(Illuminate\Http\Request))
#18 /var/www/stories-api/vendor/laravel/framework/src/Illuminate/Pipeline/Pipeline.php(180): Illuminate\Routing\Middleware\SubstituteBindings->handle(Object(Illuminate\Http\Request), Object(Closure))
#19 /var/www/stories-api/vendor/laravel/framework/src/Illuminate/Routing/Middleware/ThrottleRequests.php(159): Illuminate\Pipeline\Pipeline->Illuminate\Pipeline\{closure}(Object(Illuminate\Http\Request))
#20 /var/www/stories-api/vendor/laravel/framework/src/Illuminate/Routing/Middleware/ThrottleRequests.php(125): Illuminate\Routing\Middleware\ThrottleRequests->handleRequest(Object(Illuminate\Http\Request), Object(Closure), Array)
#21 /var/www/stories-api/vendor/laravel/framework/src/Illuminate/Routing/Middleware/ThrottleRequests.php(87): Illuminate\Routing\Middleware\ThrottleRequests->handleRequestUsingNamedLimiter(Object(Illuminate\Http\Request), Object(Closure), 'api', Object(Closure))
#22 /var/www/stories-api/vendor/laravel/framework/src/Illuminate/Pipeline/Pipeline.php(180): Illuminate\Routing\Middleware\ThrottleRequests->handle(Object(Illuminate\Http\Request), Object(Closure), 'api')
#23 /var/www/stories-api/vendor/laravel/framework/src/Illuminate/Pipeline/Pipeline.php(116): Illuminate\Pipeline\Pipeline->Illuminate\Pipeline\{closure}(Object(Illuminate\Http\Request))
#24 /var/www/stories-api/vendor/laravel/framework/src/Illuminate/Routing/Router.php(798): Illuminate\Pipeline\Pipeline->then(Object(Closure))
#25 /var/www/stories-api/vendor/laravel/framework/src/Illuminate/Routing/Router.php(777): Illuminate\Routing\Router->runRouteWithinStack(Object(Illuminate\Routing\Route), Object(Illuminate\Http\Request))
#26 /var/www/stories-api/vendor/laravel/framework/src/Illuminate/Routing/Router.php(741): Illuminate\Routing\Router->runRoute(Object(Illuminate\Http\Request), Object(Illuminate\Routing\Route))
#27 /var/www/stories-api/vendor/laravel/framework/src/Illuminate/Routing/Router.php(730): Illuminate\Routing\Router->dispatchToRoute(Object(Illuminate\Http\Request))
#28 /var/www/stories-api/vendor/laravel/framework/src/Illuminate/Foundation/Http/Kernel.php(200): Illuminate\Routing\Router->dispatch(Object(Illuminate\Http\Request))
#29 /var/www/stories-api/vendor/laravel/framework/src/Illuminate/Pipeline/Pipeline.php(141): Illuminate\Foundation\Http\Kernel->Illuminate\Foundation\Http\{closure}(Object(Illuminate\Http\Request))
#30 /var/www/stories-api/vendor/laravel/framework/src/Illuminate/Foundation/Http/Middleware/TransformsRequest.php(21): Illuminate\Pipeline\Pipeline->Illuminate\Pipeline\{closure}(Object(Illuminate\Http\Request))
#31 /var/www/stories-api/vendor/laravel/framework/src/Illuminate/Foundation/Http/Middleware/ConvertEmptyStringsToNull.php(31): Illuminate\Foundation\Http\Middleware\TransformsRequest->handle(Object(Illuminate\Http\Request), Object(Closure))
#32 /var/www/stories-api/vendor/laravel/framework/src/Illuminate/Pipeline/Pipeline.php(180): Illuminate\Foundation\Http\Middleware\ConvertEmptyStringsToNull->handle(Object(Illuminate\Http\Request), Object(Closure))
#33 /var/www/stories-api/vendor/laravel/framework/src/Illuminate/Foundation/Http/Middleware/TransformsRequest.php(21): Illuminate\Pipeline\Pipeline->Illuminate\Pipeline\{closure}(Object(Illuminate\Http\Request))
#34 /var/www/stories-api/vendor/laravel/framework/src/Illuminate/Foundation/Http/Middleware/TrimStrings.php(40): Illuminate\Foundation\Http\Middleware\TransformsRequest->handle(Object(Illuminate\Http\Request), Object(Closure))
#35 /var/www/stories-api/vendor/laravel/framework/src/Illuminate/Pipeline/Pipeline.php(180): Illuminate\Foundation\Http\Middleware\TrimStrings->handle(Object(Illuminate\Http\Request), Object(Closure))
#36 /var/www/stories-api/vendor/laravel/framework/src/Illuminate/Foundation/Http/Middleware/ValidatePostSize.php(27): Illuminate\Pipeline\Pipeline->Illuminate\Pipeline\{closure}(Object(Illuminate\Http\Request))
#37 /var/www/stories-api/vendor/laravel/framework/src/Illuminate/Pipeline/Pipeline.php(180): Illuminate\Foundation\Http\Middleware\ValidatePostSize->handle(Object(Illuminate\Http\Request), Object(Closure))
#38 /var/www/stories-api/vendor/laravel/framework/src/Illuminate/Foundation/Http/Middleware/PreventRequestsDuringMaintenance.php(99): Illuminate\Pipeline\Pipeline->Illuminate\Pipeline\{closure}(Object(Illuminate\Http\Request))
#39 /var/www/stories-api/vendor/laravel/framework/src/Illuminate/Pipeline/Pipeline.php(180): Illuminate\Foundation\Http\Middleware\PreventRequestsDuringMaintenance->handle(Object(Illuminate\Http\Request), Object(Closure))
#40 /var/www/stories-api/vendor/laravel/framework/src/Illuminate/Http/Middleware/HandleCors.php(62): Illuminate\Pipeline\Pipeline->Illuminate\Pipeline\{closure}(Object(Illuminate\Http\Request))
#41 /var/www/stories-api/vendor/laravel/framework/src/Illuminate/Pipeline/Pipeline.php(180): Illuminate\Http\Middleware\HandleCors->handle(Object(Illuminate\Http\Request), Object(Closure))
#42 /var/www/stories-api/vendor/laravel/framework/src/Illuminate/Http/Middleware/TrustProxies.php(39): Illuminate\Pipeline\Pipeline->Illuminate\Pipeline\{closure}(Object(Illuminate\Http\Request))
#43 /var/www/stories-api/vendor/laravel/framework/src/Illuminate/Pipeline/Pipeline.php(180): Illuminate\Http\Middleware\TrustProxies->handle(Object(Illuminate\Http\Request), Object(Closure))
#44 /var/www/stories-api/vendor/laravel/framework/src/Illuminate/Pipeline/Pipeline.php(116): Illuminate\Pipeline\Pipeline->Illuminate\Pipeline\{closure}(Object(Illuminate\Http\Request))
#45 /var/www/stories-api/vendor/laravel/framework/src/Illuminate/Foundation/Http/Kernel.php(175): Illuminate\Pipeline\Pipeline->then(Object(Closure))
#46 /var/www/stories-api/vendor/laravel/framework/src/Illuminate/Foundation/Http/Kernel.php(144): Illuminate\Foundation\Http\Kernel->sendRequestThroughRouter(Object(Illuminate\Http\Request))
#47 /var/www/stories-api/public/index.php(51): Illuminate\Foundation\Http\Kernel->handle(Object(Illuminate\Http\Request))
#48 {main}

PROCESO[40-62] EXCEPTION LINEA 48 [2023-11-29 17:02:23]

CODE: 0
MESSAGE: Could not create `App\Data\UserData`: the constructor requires 12 parameters, 8 given. Parameters given: id, email, photo, about_you, gender, state, created_at, updated_at. Parameters missing: username, name, last_name, birth_date.
FILE: /var/www/stories-api/vendor/spatie/laravel-data/src/Exceptions/CannotCreateData.php
LINE: 44
getTraceAsString: #0 /var/www/stories-api/vendor/spatie/laravel-data/src/Resolvers/DataFromArrayResolver.php(81): Spatie\LaravelData\Exceptions\CannotCreateData::constructorMissingParameters(Object(Spatie\LaravelData\Support\DataClass), Object(Illuminate\Support\Collection), Object(ArgumentCountError))
#1 /var/www/stories-api/vendor/spatie/laravel-data/src/Resolvers/DataFromArrayResolver.php(40): Spatie\LaravelData\Resolvers\DataFromArrayResolver->createData(Object(Spatie\LaravelData\Support\DataClass), Object(Illuminate\Support\Collection))
#2 /var/www/stories-api/vendor/laravel/framework/src/Illuminate/Collections/Traits/EnumeratesValues.php(738): Spatie\LaravelData\Resolvers\DataFromArrayResolver->Spatie\LaravelData\Resolvers\{closure}(Object(Illuminate\Support\Collection))
#3 /var/www/stories-api/vendor/spatie/laravel-data/src/Resolvers/DataFromArrayResolver.php(40): Illuminate\Support\Collection->pipe(Object(Closure))
#4 /var/www/stories-api/vendor/spatie/laravel-data/src/Resolvers/DataFromSomethingResolver.php(51): Spatie\LaravelData\Resolvers\DataFromArrayResolver->execute('App\\Data\\UserDa...', Object(Illuminate\Support\Collection))
#5 /var/www/stories-api/vendor/spatie/laravel-data/src/Concerns/BaseData.php(52): Spatie\LaravelData\Resolvers\DataFromSomethingResolver->execute('App\\Data\\UserDa...', Object(App\Models\User))
#6 /var/www/stories-api/app/Data/UserLoginResponseData.php(26): Spatie\LaravelData\Data::from(Object(App\Models\User))
#7 /var/www/stories-api/vendor/spatie/laravel-data/src/Resolvers/DataFromSomethingResolver.php(91): App\Data\UserLoginResponseData::fromModel('eyJ0eXAiOiJKV1Q...', 'Bearer', 3600, Object(App\Models\User))
#8 /var/www/stories-api/vendor/spatie/laravel-data/src/Resolvers/DataFromSomethingResolver.php(37): Spatie\LaravelData\Resolvers\DataFromSomethingResolver->createFromCustomCreationMethod('App\\Data\\UserLo...', Array)
#9 /var/www/stories-api/vendor/spatie/laravel-data/src/Concerns/BaseData.php(52): Spatie\LaravelData\Resolvers\DataFromSomethingResolver->execute('App\\Data\\UserLo...', 'eyJ0eXAiOiJKV1Q...', 'Bearer', 3600, Object(App\Models\User))
#10 /var/www/stories-api/app/Http/Controllers/Api/AuthenticationController.php(40): Spatie\LaravelData\Data::from('eyJ0eXAiOiJKV1Q...', 'Bearer', 3600, Object(App\Models\User))
#11 /var/www/stories-api/vendor/laravel/framework/src/Illuminate/Routing/Controller.php(54): App\Http\Controllers\Api\AuthenticationController->login(Object(App\Http\Requests\LoginRequest))
#12 /var/www/stories-api/vendor/laravel/framework/src/Illuminate/Routing/ControllerDispatcher.php(43): Illuminate\Routing\Controller->callAction('login', Array)
#13 /var/www/stories-api/vendor/laravel/framework/src/Illuminate/Routing/Route.php(259): Illuminate\Routing\ControllerDispatcher->dispatch(Object(Illuminate\Routing\Route), Object(App\Http\Controllers\Api\AuthenticationController), 'login')
#14 /var/www/stories-api/vendor/laravel/framework/src/Illuminate/Routing/Route.php(205): Illuminate\Routing\Route->runController()
#15 /var/www/stories-api/vendor/laravel/framework/src/Illuminate/Routing/Router.php(799): Illuminate\Routing\Route->run()
#16 /var/www/stories-api/vendor/laravel/framework/src/Illuminate/Pipeline/Pipeline.php(141): Illuminate\Routing\Router->Illuminate\Routing\{closure}(Object(Illuminate\Http\Request))
#17 /var/www/stories-api/vendor/laravel/framework/src/Illuminate/Routing/Middleware/SubstituteBindings.php(50): Illuminate\Pipeline\Pipeline->Illuminate\Pipeline\{closure}(Object(Illuminate\Http\Request))
#18 /var/www/stories-api/vendor/laravel/framework/src/Illuminate/Pipeline/Pipeline.php(180): Illuminate\Routing\Middleware\SubstituteBindings->handle(Object(Illuminate\Http\Request), Object(Closure))
#19 /var/www/stories-api/vendor/laravel/framework/src/Illuminate/Routing/Middleware/ThrottleRequests.php(159): Illuminate\Pipeline\Pipeline->Illuminate\Pipeline\{closure}(Object(Illuminate\Http\Request))
#20 /var/www/stories-api/vendor/laravel/framework/src/Illuminate/Routing/Middleware/ThrottleRequests.php(125): Illuminate\Routing\Middleware\ThrottleRequests->handleRequest(Object(Illuminate\Http\Request), Object(Closure), Array)
#21 /var/www/stories-api/vendor/laravel/framework/src/Illuminate/Routing/Middleware/ThrottleRequests.php(87): Illuminate\Routing\Middleware\ThrottleRequests->handleRequestUsingNamedLimiter(Object(Illuminate\Http\Request), Object(Closure), 'api', Object(Closure))
#22 /var/www/stories-api/vendor/laravel/framework/src/Illuminate/Pipeline/Pipeline.php(180): Illuminate\Routing\Middleware\ThrottleRequests->handle(Object(Illuminate\Http\Request), Object(Closure), 'api')
#23 /var/www/stories-api/vendor/laravel/framework/src/Illuminate/Pipeline/Pipeline.php(116): Illuminate\Pipeline\Pipeline->Illuminate\Pipeline\{closure}(Object(Illuminate\Http\Request))
#24 /var/www/stories-api/vendor/laravel/framework/src/Illuminate/Routing/Router.php(798): Illuminate\Pipeline\Pipeline->then(Object(Closure))
#25 /var/www/stories-api/vendor/laravel/framework/src/Illuminate/Routing/Router.php(777): Illuminate\Routing\Router->runRouteWithinStack(Object(Illuminate\Routing\Route), Object(Illuminate\Http\Request))
#26 /var/www/stories-api/vendor/laravel/framework/src/Illuminate/Routing/Router.php(741): Illuminate\Routing\Router->runRoute(Object(Illuminate\Http\Request), Object(Illuminate\Routing\Route))
#27 /var/www/stories-api/vendor/laravel/framework/src/Illuminate/Routing/Router.php(730): Illuminate\Routing\Router->dispatchToRoute(Object(Illuminate\Http\Request))
#28 /var/www/stories-api/vendor/laravel/framework/src/Illuminate/Foundation/Http/Kernel.php(200): Illuminate\Routing\Router->dispatch(Object(Illuminate\Http\Request))
#29 /var/www/stories-api/vendor/laravel/framework/src/Illuminate/Pipeline/Pipeline.php(141): Illuminate\Foundation\Http\Kernel->Illuminate\Foundation\Http\{closure}(Object(Illuminate\Http\Request))
#30 /var/www/stories-api/vendor/laravel/framework/src/Illuminate/Foundation/Http/Middleware/TransformsRequest.php(21): Illuminate\Pipeline\Pipeline->Illuminate\Pipeline\{closure}(Object(Illuminate\Http\Request))
#31 /var/www/stories-api/vendor/laravel/framework/src/Illuminate/Foundation/Http/Middleware/ConvertEmptyStringsToNull.php(31): Illuminate\Foundation\Http\Middleware\TransformsRequest->handle(Object(Illuminate\Http\Request), Object(Closure))
#32 /var/www/stories-api/vendor/laravel/framework/src/Illuminate/Pipeline/Pipeline.php(180): Illuminate\Foundation\Http\Middleware\ConvertEmptyStringsToNull->handle(Object(Illuminate\Http\Request), Object(Closure))
#33 /var/www/stories-api/vendor/laravel/framework/src/Illuminate/Foundation/Http/Middleware/TransformsRequest.php(21): Illuminate\Pipeline\Pipeline->Illuminate\Pipeline\{closure}(Object(Illuminate\Http\Request))
#34 /var/www/stories-api/vendor/laravel/framework/src/Illuminate/Foundation/Http/Middleware/TrimStrings.php(40): Illuminate\Foundation\Http\Middleware\TransformsRequest->handle(Object(Illuminate\Http\Request), Object(Closure))
#35 /var/www/stories-api/vendor/laravel/framework/src/Illuminate/Pipeline/Pipeline.php(180): Illuminate\Foundation\Http\Middleware\TrimStrings->handle(Object(Illuminate\Http\Request), Object(Closure))
#36 /var/www/stories-api/vendor/laravel/framework/src/Illuminate/Foundation/Http/Middleware/ValidatePostSize.php(27): Illuminate\Pipeline\Pipeline->Illuminate\Pipeline\{closure}(Object(Illuminate\Http\Request))
#37 /var/www/stories-api/vendor/laravel/framework/src/Illuminate/Pipeline/Pipeline.php(180): Illuminate\Foundation\Http\Middleware\ValidatePostSize->handle(Object(Illuminate\Http\Request), Object(Closure))
#38 /var/www/stories-api/vendor/laravel/framework/src/Illuminate/Foundation/Http/Middleware/PreventRequestsDuringMaintenance.php(99): Illuminate\Pipeline\Pipeline->Illuminate\Pipeline\{closure}(Object(Illuminate\Http\Request))
#39 /var/www/stories-api/vendor/laravel/framework/src/Illuminate/Pipeline/Pipeline.php(180): Illuminate\Foundation\Http\Middleware\PreventRequestsDuringMaintenance->handle(Object(Illuminate\Http\Request), Object(Closure))
#40 /var/www/stories-api/vendor/laravel/framework/src/Illuminate/Http/Middleware/HandleCors.php(62): Illuminate\Pipeline\Pipeline->Illuminate\Pipeline\{closure}(Object(Illuminate\Http\Request))
#41 /var/www/stories-api/vendor/laravel/framework/src/Illuminate/Pipeline/Pipeline.php(180): Illuminate\Http\Middleware\HandleCors->handle(Object(Illuminate\Http\Request), Object(Closure))
#42 /var/www/stories-api/vendor/laravel/framework/src/Illuminate/Http/Middleware/TrustProxies.php(39): Illuminate\Pipeline\Pipeline->Illuminate\Pipeline\{closure}(Object(Illuminate\Http\Request))
#43 /var/www/stories-api/vendor/laravel/framework/src/Illuminate/Pipeline/Pipeline.php(180): Illuminate\Http\Middleware\TrustProxies->handle(Object(Illuminate\Http\Request), Object(Closure))
#44 /var/www/stories-api/vendor/laravel/framework/src/Illuminate/Pipeline/Pipeline.php(116): Illuminate\Pipeline\Pipeline->Illuminate\Pipeline\{closure}(Object(Illuminate\Http\Request))
#45 /var/www/stories-api/vendor/laravel/framework/src/Illuminate/Foundation/Http/Kernel.php(175): Illuminate\Pipeline\Pipeline->then(Object(Closure))
#46 /var/www/stories-api/vendor/laravel/framework/src/Illuminate/Foundation/Http/Kernel.php(144): Illuminate\Foundation\Http\Kernel->sendRequestThroughRouter(Object(Illuminate\Http\Request))
#47 /var/www/stories-api/public/index.php(51): Illuminate\Foundation\Http\Kernel->handle(Object(Illuminate\Http\Request))
#48 {main}

