PROCESO[59-37] EXCEPTION LINEA 47 [2023-12-19 23:38:21]

CODE: 0
MESSAGE: Undefined property: Illuminate\Database\Eloquent\Relations\HasMany::$withCOu
FILE: /var/www/stories-api/app/Repositories/StoryReporsitory.php
LINE: 58
getTraceAsString: #0 /var/www/stories-api/vendor/laravel/framework/src/Illuminate/Foundation/Bootstrap/HandleExceptions.php(254): Illuminate\Foundation\Bootstrap\HandleExceptions->handleError(2, 'Undefined prope...', '/var/www/storie...', 58)
#1 /var/www/stories-api/app/Repositories/StoryReporsitory.php(58): Illuminate\Foundation\Bootstrap\HandleExceptions->Illuminate\Foundation\Bootstrap\{closure}(2, 'Undefined prope...', '/var/www/storie...', 58)
#2 /var/www/stories-api/app/Http/Controllers/Api/StoryController.php(40): App\Repositories\StoryReporsitory->getAllByCategory('3')
#3 /var/www/stories-api/vendor/laravel/framework/src/Illuminate/Routing/Controller.php(54): App\Http\Controllers\Api\StoryController->indexByCategory(Object(Illuminate\Http\Request), '3')
#4 /var/www/stories-api/vendor/laravel/framework/src/Illuminate/Routing/ControllerDispatcher.php(43): Illuminate\Routing\Controller->callAction('indexByCategory', Array)
#5 /var/www/stories-api/vendor/laravel/framework/src/Illuminate/Routing/Route.php(259): Illuminate\Routing\ControllerDispatcher->dispatch(Object(Illuminate\Routing\Route), Object(App\Http\Controllers\Api\StoryController), 'indexByCategory')
#6 /var/www/stories-api/vendor/laravel/framework/src/Illuminate/Routing/Route.php(205): Illuminate\Routing\Route->runController()
#7 /var/www/stories-api/vendor/laravel/framework/src/Illuminate/Routing/Router.php(799): Illuminate\Routing\Route->run()
#8 /var/www/stories-api/vendor/laravel/framework/src/Illuminate/Pipeline/Pipeline.php(141): Illuminate\Routing\Router->Illuminate\Routing\{closure}(Object(Illuminate\Http\Request))
#9 /var/www/stories-api/vendor/laravel/framework/src/Illuminate/Routing/Middleware/SubstituteBindings.php(50): Illuminate\Pipeline\Pipeline->Illuminate\Pipeline\{closure}(Object(Illuminate\Http\Request))
#10 /var/www/stories-api/vendor/laravel/framework/src/Illuminate/Pipeline/Pipeline.php(180): Illuminate\Routing\Middleware\SubstituteBindings->handle(Object(Illuminate\Http\Request), Object(Closure))
#11 /var/www/stories-api/vendor/laravel/framework/src/Illuminate/Routing/Middleware/ThrottleRequests.php(159): Illuminate\Pipeline\Pipeline->Illuminate\Pipeline\{closure}(Object(Illuminate\Http\Request))
#12 /var/www/stories-api/vendor/laravel/framework/src/Illuminate/Routing/Middleware/ThrottleRequests.php(125): Illuminate\Routing\Middleware\ThrottleRequests->handleRequest(Object(Illuminate\Http\Request), Object(Closure), Array)
#13 /var/www/stories-api/vendor/laravel/framework/src/Illuminate/Routing/Middleware/ThrottleRequests.php(87): Illuminate\Routing\Middleware\ThrottleRequests->handleRequestUsingNamedLimiter(Object(Illuminate\Http\Request), Object(Closure), 'api', Object(Closure))
#14 /var/www/stories-api/vendor/laravel/framework/src/Illuminate/Pipeline/Pipeline.php(180): Illuminate\Routing\Middleware\ThrottleRequests->handle(Object(Illuminate\Http\Request), Object(Closure), 'api')
#15 /var/www/stories-api/vendor/laravel/framework/src/Illuminate/Pipeline/Pipeline.php(116): Illuminate\Pipeline\Pipeline->Illuminate\Pipeline\{closure}(Object(Illuminate\Http\Request))
#16 /var/www/stories-api/vendor/laravel/framework/src/Illuminate/Routing/Router.php(798): Illuminate\Pipeline\Pipeline->then(Object(Closure))
#17 /var/www/stories-api/vendor/laravel/framework/src/Illuminate/Routing/Router.php(777): Illuminate\Routing\Router->runRouteWithinStack(Object(Illuminate\Routing\Route), Object(Illuminate\Http\Request))
#18 /var/www/stories-api/vendor/laravel/framework/src/Illuminate/Routing/Router.php(741): Illuminate\Routing\Router->runRoute(Object(Illuminate\Http\Request), Object(Illuminate\Routing\Route))
#19 /var/www/stories-api/vendor/laravel/framework/src/Illuminate/Routing/Router.php(730): Illuminate\Routing\Router->dispatchToRoute(Object(Illuminate\Http\Request))
#20 /var/www/stories-api/vendor/laravel/framework/src/Illuminate/Foundation/Http/Kernel.php(200): Illuminate\Routing\Router->dispatch(Object(Illuminate\Http\Request))
#21 /var/www/stories-api/vendor/laravel/framework/src/Illuminate/Pipeline/Pipeline.php(141): Illuminate\Foundation\Http\Kernel->Illuminate\Foundation\Http\{closure}(Object(Illuminate\Http\Request))
#22 /var/www/stories-api/vendor/laravel/framework/src/Illuminate/Foundation/Http/Middleware/TransformsRequest.php(21): Illuminate\Pipeline\Pipeline->Illuminate\Pipeline\{closure}(Object(Illuminate\Http\Request))
#23 /var/www/stories-api/vendor/laravel/framework/src/Illuminate/Foundation/Http/Middleware/ConvertEmptyStringsToNull.php(31): Illuminate\Foundation\Http\Middleware\TransformsRequest->handle(Object(Illuminate\Http\Request), Object(Closure))
#24 /var/www/stories-api/vendor/laravel/framework/src/Illuminate/Pipeline/Pipeline.php(180): Illuminate\Foundation\Http\Middleware\ConvertEmptyStringsToNull->handle(Object(Illuminate\Http\Request), Object(Closure))
#25 /var/www/stories-api/vendor/laravel/framework/src/Illuminate/Foundation/Http/Middleware/TransformsRequest.php(21): Illuminate\Pipeline\Pipeline->Illuminate\Pipeline\{closure}(Object(Illuminate\Http\Request))
#26 /var/www/stories-api/vendor/laravel/framework/src/Illuminate/Foundation/Http/Middleware/TrimStrings.php(40): Illuminate\Foundation\Http\Middleware\TransformsRequest->handle(Object(Illuminate\Http\Request), Object(Closure))
#27 /var/www/stories-api/vendor/laravel/framework/src/Illuminate/Pipeline/Pipeline.php(180): Illuminate\Foundation\Http\Middleware\TrimStrings->handle(Object(Illuminate\Http\Request), Object(Closure))
#28 /var/www/stories-api/vendor/laravel/framework/src/Illuminate/Foundation/Http/Middleware/ValidatePostSize.php(27): Illuminate\Pipeline\Pipeline->Illuminate\Pipeline\{closure}(Object(Illuminate\Http\Request))
#29 /var/www/stories-api/vendor/laravel/framework/src/Illuminate/Pipeline/Pipeline.php(180): Illuminate\Foundation\Http\Middleware\ValidatePostSize->handle(Object(Illuminate\Http\Request), Object(Closure))
#30 /var/www/stories-api/vendor/laravel/framework/src/Illuminate/Foundation/Http/Middleware/PreventRequestsDuringMaintenance.php(99): Illuminate\Pipeline\Pipeline->Illuminate\Pipeline\{closure}(Object(Illuminate\Http\Request))
#31 /var/www/stories-api/vendor/laravel/framework/src/Illuminate/Pipeline/Pipeline.php(180): Illuminate\Foundation\Http\Middleware\PreventRequestsDuringMaintenance->handle(Object(Illuminate\Http\Request), Object(Closure))
#32 /var/www/stories-api/vendor/laravel/framework/src/Illuminate/Http/Middleware/HandleCors.php(62): Illuminate\Pipeline\Pipeline->Illuminate\Pipeline\{closure}(Object(Illuminate\Http\Request))
#33 /var/www/stories-api/vendor/laravel/framework/src/Illuminate/Pipeline/Pipeline.php(180): Illuminate\Http\Middleware\HandleCors->handle(Object(Illuminate\Http\Request), Object(Closure))
#34 /var/www/stories-api/vendor/laravel/framework/src/Illuminate/Http/Middleware/TrustProxies.php(39): Illuminate\Pipeline\Pipeline->Illuminate\Pipeline\{closure}(Object(Illuminate\Http\Request))
#35 /var/www/stories-api/vendor/laravel/framework/src/Illuminate/Pipeline/Pipeline.php(180): Illuminate\Http\Middleware\TrustProxies->handle(Object(Illuminate\Http\Request), Object(Closure))
#36 /var/www/stories-api/vendor/laravel/framework/src/Illuminate/Pipeline/Pipeline.php(116): Illuminate\Pipeline\Pipeline->Illuminate\Pipeline\{closure}(Object(Illuminate\Http\Request))
#37 /var/www/stories-api/vendor/laravel/framework/src/Illuminate/Foundation/Http/Kernel.php(175): Illuminate\Pipeline\Pipeline->then(Object(Closure))
#38 /var/www/stories-api/vendor/laravel/framework/src/Illuminate/Foundation/Http/Kernel.php(144): Illuminate\Foundation\Http\Kernel->sendRequestThroughRouter(Object(Illuminate\Http\Request))
#39 /var/www/stories-api/public/index.php(51): Illuminate\Foundation\Http\Kernel->handle(Object(Illuminate\Http\Request))
#40 {main}

