PROCESO[17-43] EXCEPTION LINEA 34 [2023-12-19 20:42:47]

CODE: 42S22
MESSAGE: SQLSTATE[42S22]: Column not found: 1054 Unknown column 'stories.story_id' in 'where clause' (Connection: mysql, SQL: select * from `stories` where `stories`.`story_id` = 1 and `stories`.`story_id` is not null)
FILE: /var/www/stories-api/vendor/laravel/framework/src/Illuminate/Database/Connection.php
LINE: 801
getTraceAsString: #0 /var/www/stories-api/vendor/laravel/framework/src/Illuminate/Database/Connection.php(755): Illuminate\Database\Connection->runQueryCallback('select * from `...', Array, Object(Closure))
#1 /var/www/stories-api/vendor/laravel/framework/src/Illuminate/Database/Connection.php(407): Illuminate\Database\Connection->run('select * from `...', Array, Object(Closure))
#2 /var/www/stories-api/vendor/laravel/framework/src/Illuminate/Database/Query/Builder.php(2751): Illuminate\Database\Connection->select('select * from `...', Array, true)
#3 /var/www/stories-api/vendor/laravel/framework/src/Illuminate/Database/Query/Builder.php(2740): Illuminate\Database\Query\Builder->runSelect()
#4 /var/www/stories-api/vendor/laravel/framework/src/Illuminate/Database/Query/Builder.php(3294): Illuminate\Database\Query\Builder->Illuminate\Database\Query\{closure}()
#5 /var/www/stories-api/vendor/laravel/framework/src/Illuminate/Database/Query/Builder.php(2739): Illuminate\Database\Query\Builder->onceWithColumns(Array, Object(Closure))
#6 /var/www/stories-api/vendor/laravel/framework/src/Illuminate/Database/Eloquent/Builder.php(737): Illuminate\Database\Query\Builder->get(Array)
#7 /var/www/stories-api/vendor/laravel/framework/src/Illuminate/Database/Eloquent/Builder.php(721): Illuminate\Database\Eloquent\Builder->getModels(Array)
#8 /var/www/stories-api/vendor/laravel/framework/src/Illuminate/Database/Eloquent/Relations/Relation.php(203): Illuminate\Database\Eloquent\Builder->get(Array)
#9 /var/www/stories-api/app/Repositories/StoryReporsitory.php(22): Illuminate\Database\Eloquent\Relations\Relation->get()
#10 /var/www/stories-api/app/Http/Controllers/Api/StoryController.php(27): App\Repositories\StoryReporsitory->getAll(Array)
#11 /var/www/stories-api/vendor/laravel/framework/src/Illuminate/Routing/Controller.php(54): App\Http\Controllers\Api\StoryController->indexByUser(Object(Illuminate\Http\Request), '1')
#12 /var/www/stories-api/vendor/laravel/framework/src/Illuminate/Routing/ControllerDispatcher.php(43): Illuminate\Routing\Controller->callAction('indexByUser', Array)
#13 /var/www/stories-api/vendor/laravel/framework/src/Illuminate/Routing/Route.php(259): Illuminate\Routing\ControllerDispatcher->dispatch(Object(Illuminate\Routing\Route), Object(App\Http\Controllers\Api\StoryController), 'indexByUser')
#14 /var/www/stories-api/vendor/laravel/framework/src/Illuminate/Routing/Route.php(205): Illuminate\Routing\Route->runController()
#15 /var/www/stories-api/vendor/laravel/framework/src/Illuminate/Routing/Router.php(799): Illuminate\Routing\Route->run()
#16 /var/www/stories-api/vendor/laravel/framework/src/Illuminate/Pipeline/Pipeline.php(141): Illuminate\Routing\Router->Illuminate\Routing\{closure}(Object(Illuminate\Http\Request))
#17 /var/www/stories-api/vendor/laravel/framework/src/Illuminate/Routing/Middleware/SubstituteBindings.php(50): Illuminate\Pipeline\Pipeline->Illuminate\Pipeline\{closure}(Object(Illuminate\Http\Request))
#18 /var/www/stories-api/vendor/laravel/framework/src/Illuminate/Pipeline/Pipeline.php(180): Illuminate\Routing\Middleware\SubstituteBindings->handle(Object(Illuminate\Http\Request), Object(Closure))
#19 /var/www/stories-api/vendor/laravel/framework/src/Illuminate/Routing/Middleware/ThrottleRequests.php(159): Illuminate\Pipeline\Pipeline->Illuminate\Pipeline\{closure}(Object(Illuminate\Http\Request))
#20 /var/www/stories-api/vendor/laravel/framework/src/Illuminate/Routing/Middleware/ThrottleRequests.php(125): Illuminate\Routing\Middleware\ThrottleRequests->handleRequest(Object(Illuminate\Http\Request), Object(Closure), Array)
#21 /var/www/stories-api/vendor/laravel/framework/src/Illuminate/Routing/Middleware/ThrottleRequests.php(87): Illuminate\Routing\Middleware\ThrottleRequests->handleRequestUsingNamedLimiter(Object(Illuminate\Http\Request), Object(Closure), 'api', Object(Closure))
#22 /var/www/stories-api/vendor/laravel/framework/src/Illuminate/Pipeline/Pipeline.php(180): Illuminate\Routing\Middleware\ThrottleRequests->handle(Object(Illuminate\Http\Request), Object(Closure), 'api')
#23 /var/www/stories-api/vendor/laravel/framework/src/Illuminate/Pipeline/Pipeline.php(116): Illuminate\Pipeline\Pipeline->Illuminate\Pipeline\{closure}(Object(Illuminate\Http\Request))
#24 /var/www/stories-api/vendor/laravel/framework/src/Illuminate/Routing/Router.php(798): Illuminate\Pipeline\Pipeline->then(Object(Closure))
#25 /var/www/stories-api/vendor/laravel/framework/src/Illuminate/Routing/Router.php(777): Illuminate\Routing\Router->runRouteWithinStack(Object(Illuminate\Routing\Route), Object(Illuminate\Http\Request))
#26 /var/www/stories-api/vendor/laravel/framework/src/Illuminate/Routing/Router.php(741): Illuminate\Routing\Router->runRoute(Object(Illuminate\Http\Request), Object(Illuminate\Routing\Route))
#27 /var/www/stories-api/vendor/laravel/framework/src/Illuminate/Routing/Router.php(730): Illuminate\Routing\Router->dispatchToRoute(Object(Illuminate\Http\Request))
#28 /var/www/stories-api/vendor/laravel/framework/src/Illuminate/Foundation/Http/Kernel.php(200): Illuminate\Routing\Router->dispatch(Object(Illuminate\Http\Request))
#29 /var/www/stories-api/vendor/laravel/framework/src/Illuminate/Pipeline/Pipeline.php(141): Illuminate\Foundation\Http\Kernel->Illuminate\Foundation\Http\{closure}(Object(Illuminate\Http\Request))
#30 /var/www/stories-api/vendor/laravel/framework/src/Illuminate/Foundation/Http/Middleware/TransformsRequest.php(21): Illuminate\Pipeline\Pipeline->Illuminate\Pipeline\{closure}(Object(Illuminate\Http\Request))
#31 /var/www/stories-api/vendor/laravel/framework/src/Illuminate/Foundation/Http/Middleware/ConvertEmptyStringsToNull.php(31): Illuminate\Foundation\Http\Middleware\TransformsRequest->handle(Object(Illuminate\Http\Request), Object(Closure))
#32 /var/www/stories-api/vendor/laravel/framework/src/Illuminate/Pipeline/Pipeline.php(180): Illuminate\Foundation\Http\Middleware\ConvertEmptyStringsToNull->handle(Object(Illuminate\Http\Request), Object(Closure))
#33 /var/www/stories-api/vendor/laravel/framework/src/Illuminate/Foundation/Http/Middleware/TransformsRequest.php(21): Illuminate\Pipeline\Pipeline->Illuminate\Pipeline\{closure}(Object(Illuminate\Http\Request))
#34 /var/www/stories-api/vendor/laravel/framework/src/Illuminate/Foundation/Http/Middleware/TrimStrings.php(40): Illuminate\Foundation\Http\Middleware\TransformsRequest->handle(Object(Illuminate\Http\Request), Object(Closure))
#35 /var/www/stories-api/vendor/laravel/framework/src/Illuminate/Pipeline/Pipeline.php(180): Illuminate\Foundation\Http\Middleware\TrimStrings->handle(Object(Illuminate\Http\Request), Object(Closure))
#36 /var/www/stories-api/vendor/laravel/framework/src/Illuminate/Foundation/Http/Middleware/ValidatePostSize.php(27): Illuminate\Pipeline\Pipeline->Illuminate\Pipeline\{closure}(Object(Illuminate\Http\Request))
#37 /var/www/stories-api/vendor/laravel/framework/src/Illuminate/Pipeline/Pipeline.php(180): Illuminate\Foundation\Http\Middleware\ValidatePostSize->handle(Object(Illuminate\Http\Request), Object(Closure))
#38 /var/www/stories-api/vendor/laravel/framework/src/Illuminate/Foundation/Http/Middleware/PreventRequestsDuringMaintenance.php(99): Illuminate\Pipeline\Pipeline->Illuminate\Pipeline\{closure}(Object(Illuminate\Http\Request))
#39 /var/www/stories-api/vendor/laravel/framework/src/Illuminate/Pipeline/Pipeline.php(180): Illuminate\Foundation\Http\Middleware\PreventRequestsDuringMaintenance->handle(Object(Illuminate\Http\Request), Object(Closure))
#40 /var/www/stories-api/vendor/laravel/framework/src/Illuminate/Http/Middleware/HandleCors.php(62): Illuminate\Pipeline\Pipeline->Illuminate\Pipeline\{closure}(Object(Illuminate\Http\Request))
#41 /var/www/stories-api/vendor/laravel/framework/src/Illuminate/Pipeline/Pipeline.php(180): Illuminate\Http\Middleware\HandleCors->handle(Object(Illuminate\Http\Request), Object(Closure))
#42 /var/www/stories-api/vendor/laravel/framework/src/Illuminate/Http/Middleware/TrustProxies.php(39): Illuminate\Pipeline\Pipeline->Illuminate\Pipeline\{closure}(Object(Illuminate\Http\Request))
#43 /var/www/stories-api/vendor/laravel/framework/src/Illuminate/Pipeline/Pipeline.php(180): Illuminate\Http\Middleware\TrustProxies->handle(Object(Illuminate\Http\Request), Object(Closure))
#44 /var/www/stories-api/vendor/laravel/framework/src/Illuminate/Pipeline/Pipeline.php(116): Illuminate\Pipeline\Pipeline->Illuminate\Pipeline\{closure}(Object(Illuminate\Http\Request))
#45 /var/www/stories-api/vendor/laravel/framework/src/Illuminate/Foundation/Http/Kernel.php(175): Illuminate\Pipeline\Pipeline->then(Object(Closure))
#46 /var/www/stories-api/vendor/laravel/framework/src/Illuminate/Foundation/Http/Kernel.php(144): Illuminate\Foundation\Http\Kernel->sendRequestThroughRouter(Object(Illuminate\Http\Request))
#47 /var/www/stories-api/public/index.php(51): Illuminate\Foundation\Http\Kernel->handle(Object(Illuminate\Http\Request))
#48 {main}

PROCESO[16-27] EXCEPTION LINEA 34 [2023-12-19 22:33:32]

CODE: 0
MESSAGE: Call to undefined relationship [audienceType] on model [App\Models\Story].
FILE: /var/www/stories-api/vendor/laravel/framework/src/Illuminate/Database/Eloquent/RelationNotFoundException.php
LINE: 35
getTraceAsString: #0 /var/www/stories-api/vendor/laravel/framework/src/Illuminate/Database/Eloquent/Builder.php(804): Illuminate\Database\Eloquent\RelationNotFoundException::make(Object(App\Models\Story), 'audienceType')
#1 /var/www/stories-api/vendor/laravel/framework/src/Illuminate/Database/Eloquent/Relations/Relation.php(110): Illuminate\Database\Eloquent\Builder->Illuminate\Database\Eloquent\{closure}()
#2 /var/www/stories-api/vendor/laravel/framework/src/Illuminate/Database/Eloquent/Builder.php(800): Illuminate\Database\Eloquent\Relations\Relation::noConstraints(Object(Closure))
#3 /var/www/stories-api/vendor/laravel/framework/src/Illuminate/Database/Eloquent/Builder.php(774): Illuminate\Database\Eloquent\Builder->getRelation('audienceType')
#4 /var/www/stories-api/vendor/laravel/framework/src/Illuminate/Database/Eloquent/Builder.php(754): Illuminate\Database\Eloquent\Builder->eagerLoadRelation(Array, 'audienceType', Object(Closure))
#5 /var/www/stories-api/vendor/laravel/framework/src/Illuminate/Database/Eloquent/Builder.php(722): Illuminate\Database\Eloquent\Builder->eagerLoadRelations(Array)
#6 /var/www/stories-api/vendor/laravel/framework/src/Illuminate/Database/Eloquent/Relations/Relation.php(203): Illuminate\Database\Eloquent\Builder->get(Array)
#7 /var/www/stories-api/app/Repositories/StoryReporsitory.php(35): Illuminate\Database\Eloquent\Relations\Relation->get()
#8 /var/www/stories-api/app/Http/Controllers/Api/StoryController.php(27): App\Repositories\StoryReporsitory->getAllByUser('1')
#9 /var/www/stories-api/vendor/laravel/framework/src/Illuminate/Routing/Controller.php(54): App\Http\Controllers\Api\StoryController->indexByUser(Object(Illuminate\Http\Request), '1')
#10 /var/www/stories-api/vendor/laravel/framework/src/Illuminate/Routing/ControllerDispatcher.php(43): Illuminate\Routing\Controller->callAction('indexByUser', Array)
#11 /var/www/stories-api/vendor/laravel/framework/src/Illuminate/Routing/Route.php(259): Illuminate\Routing\ControllerDispatcher->dispatch(Object(Illuminate\Routing\Route), Object(App\Http\Controllers\Api\StoryController), 'indexByUser')
#12 /var/www/stories-api/vendor/laravel/framework/src/Illuminate/Routing/Route.php(205): Illuminate\Routing\Route->runController()
#13 /var/www/stories-api/vendor/laravel/framework/src/Illuminate/Routing/Router.php(799): Illuminate\Routing\Route->run()
#14 /var/www/stories-api/vendor/laravel/framework/src/Illuminate/Pipeline/Pipeline.php(141): Illuminate\Routing\Router->Illuminate\Routing\{closure}(Object(Illuminate\Http\Request))
#15 /var/www/stories-api/vendor/laravel/framework/src/Illuminate/Routing/Middleware/SubstituteBindings.php(50): Illuminate\Pipeline\Pipeline->Illuminate\Pipeline\{closure}(Object(Illuminate\Http\Request))
#16 /var/www/stories-api/vendor/laravel/framework/src/Illuminate/Pipeline/Pipeline.php(180): Illuminate\Routing\Middleware\SubstituteBindings->handle(Object(Illuminate\Http\Request), Object(Closure))
#17 /var/www/stories-api/vendor/laravel/framework/src/Illuminate/Routing/Middleware/ThrottleRequests.php(159): Illuminate\Pipeline\Pipeline->Illuminate\Pipeline\{closure}(Object(Illuminate\Http\Request))
#18 /var/www/stories-api/vendor/laravel/framework/src/Illuminate/Routing/Middleware/ThrottleRequests.php(125): Illuminate\Routing\Middleware\ThrottleRequests->handleRequest(Object(Illuminate\Http\Request), Object(Closure), Array)
#19 /var/www/stories-api/vendor/laravel/framework/src/Illuminate/Routing/Middleware/ThrottleRequests.php(87): Illuminate\Routing\Middleware\ThrottleRequests->handleRequestUsingNamedLimiter(Object(Illuminate\Http\Request), Object(Closure), 'api', Object(Closure))
#20 /var/www/stories-api/vendor/laravel/framework/src/Illuminate/Pipeline/Pipeline.php(180): Illuminate\Routing\Middleware\ThrottleRequests->handle(Object(Illuminate\Http\Request), Object(Closure), 'api')
#21 /var/www/stories-api/vendor/laravel/framework/src/Illuminate/Pipeline/Pipeline.php(116): Illuminate\Pipeline\Pipeline->Illuminate\Pipeline\{closure}(Object(Illuminate\Http\Request))
#22 /var/www/stories-api/vendor/laravel/framework/src/Illuminate/Routing/Router.php(798): Illuminate\Pipeline\Pipeline->then(Object(Closure))
#23 /var/www/stories-api/vendor/laravel/framework/src/Illuminate/Routing/Router.php(777): Illuminate\Routing\Router->runRouteWithinStack(Object(Illuminate\Routing\Route), Object(Illuminate\Http\Request))
#24 /var/www/stories-api/vendor/laravel/framework/src/Illuminate/Routing/Router.php(741): Illuminate\Routing\Router->runRoute(Object(Illuminate\Http\Request), Object(Illuminate\Routing\Route))
#25 /var/www/stories-api/vendor/laravel/framework/src/Illuminate/Routing/Router.php(730): Illuminate\Routing\Router->dispatchToRoute(Object(Illuminate\Http\Request))
#26 /var/www/stories-api/vendor/laravel/framework/src/Illuminate/Foundation/Http/Kernel.php(200): Illuminate\Routing\Router->dispatch(Object(Illuminate\Http\Request))
#27 /var/www/stories-api/vendor/laravel/framework/src/Illuminate/Pipeline/Pipeline.php(141): Illuminate\Foundation\Http\Kernel->Illuminate\Foundation\Http\{closure}(Object(Illuminate\Http\Request))
#28 /var/www/stories-api/vendor/laravel/framework/src/Illuminate/Foundation/Http/Middleware/TransformsRequest.php(21): Illuminate\Pipeline\Pipeline->Illuminate\Pipeline\{closure}(Object(Illuminate\Http\Request))
#29 /var/www/stories-api/vendor/laravel/framework/src/Illuminate/Foundation/Http/Middleware/ConvertEmptyStringsToNull.php(31): Illuminate\Foundation\Http\Middleware\TransformsRequest->handle(Object(Illuminate\Http\Request), Object(Closure))
#30 /var/www/stories-api/vendor/laravel/framework/src/Illuminate/Pipeline/Pipeline.php(180): Illuminate\Foundation\Http\Middleware\ConvertEmptyStringsToNull->handle(Object(Illuminate\Http\Request), Object(Closure))
#31 /var/www/stories-api/vendor/laravel/framework/src/Illuminate/Foundation/Http/Middleware/TransformsRequest.php(21): Illuminate\Pipeline\Pipeline->Illuminate\Pipeline\{closure}(Object(Illuminate\Http\Request))
#32 /var/www/stories-api/vendor/laravel/framework/src/Illuminate/Foundation/Http/Middleware/TrimStrings.php(40): Illuminate\Foundation\Http\Middleware\TransformsRequest->handle(Object(Illuminate\Http\Request), Object(Closure))
#33 /var/www/stories-api/vendor/laravel/framework/src/Illuminate/Pipeline/Pipeline.php(180): Illuminate\Foundation\Http\Middleware\TrimStrings->handle(Object(Illuminate\Http\Request), Object(Closure))
#34 /var/www/stories-api/vendor/laravel/framework/src/Illuminate/Foundation/Http/Middleware/ValidatePostSize.php(27): Illuminate\Pipeline\Pipeline->Illuminate\Pipeline\{closure}(Object(Illuminate\Http\Request))
#35 /var/www/stories-api/vendor/laravel/framework/src/Illuminate/Pipeline/Pipeline.php(180): Illuminate\Foundation\Http\Middleware\ValidatePostSize->handle(Object(Illuminate\Http\Request), Object(Closure))
#36 /var/www/stories-api/vendor/laravel/framework/src/Illuminate/Foundation/Http/Middleware/PreventRequestsDuringMaintenance.php(99): Illuminate\Pipeline\Pipeline->Illuminate\Pipeline\{closure}(Object(Illuminate\Http\Request))
#37 /var/www/stories-api/vendor/laravel/framework/src/Illuminate/Pipeline/Pipeline.php(180): Illuminate\Foundation\Http\Middleware\PreventRequestsDuringMaintenance->handle(Object(Illuminate\Http\Request), Object(Closure))
#38 /var/www/stories-api/vendor/laravel/framework/src/Illuminate/Http/Middleware/HandleCors.php(62): Illuminate\Pipeline\Pipeline->Illuminate\Pipeline\{closure}(Object(Illuminate\Http\Request))
#39 /var/www/stories-api/vendor/laravel/framework/src/Illuminate/Pipeline/Pipeline.php(180): Illuminate\Http\Middleware\HandleCors->handle(Object(Illuminate\Http\Request), Object(Closure))
#40 /var/www/stories-api/vendor/laravel/framework/src/Illuminate/Http/Middleware/TrustProxies.php(39): Illuminate\Pipeline\Pipeline->Illuminate\Pipeline\{closure}(Object(Illuminate\Http\Request))
#41 /var/www/stories-api/vendor/laravel/framework/src/Illuminate/Pipeline/Pipeline.php(180): Illuminate\Http\Middleware\TrustProxies->handle(Object(Illuminate\Http\Request), Object(Closure))
#42 /var/www/stories-api/vendor/laravel/framework/src/Illuminate/Pipeline/Pipeline.php(116): Illuminate\Pipeline\Pipeline->Illuminate\Pipeline\{closure}(Object(Illuminate\Http\Request))
#43 /var/www/stories-api/vendor/laravel/framework/src/Illuminate/Foundation/Http/Kernel.php(175): Illuminate\Pipeline\Pipeline->then(Object(Closure))
#44 /var/www/stories-api/vendor/laravel/framework/src/Illuminate/Foundation/Http/Kernel.php(144): Illuminate\Foundation\Http\Kernel->sendRequestThroughRouter(Object(Illuminate\Http\Request))
#45 /var/www/stories-api/public/index.php(51): Illuminate\Foundation\Http\Kernel->handle(Object(Illuminate\Http\Request))
#46 {main}

